time="2024-10-13T11:40:53+08:00" level=info msg="Server started at time: 2024-10-13 11:40:53.9651404 +0800 +08 m=+0.020315501"
time="2024-10-13T11:44:08+08:00" level=info msg="Server started at time: 2024-10-13 11:44:08.2137412 +0800 +08 m=+0.019447901"
time="2024-10-13T11:45:18+08:00" level=info msg="Server started at time: 2024-10-13 11:45:18.8711385 +0800 +08 m=+0.018465501"
time="2024-10-13T11:46:37+08:00" level=info msg="Server started at time: 2024-10-13 11:46:37.0114407 +0800 +08 m=+0.019357101"
time="2024-10-13T11:46:49+08:00" level=info msg="request from user hello successfully published"
time="2024-10-13T11:47:24+08:00" level=info msg="request from user hello successfully published"
time="2024-10-13T11:52:42+08:00" level=info msg="Server started at time: 2024-10-13 11:52:42.820679 +0800 +08 m=+0.019017101"
time="2024-10-13T11:52:49+08:00" level=error msg="error publishing message:Exception (504) Reason: \"channel/connection is not open\""
time="2024-10-13T11:52:49+08:00" level=info msg="request from user hello successfully published"
time="2024-10-13T11:54:36+08:00" level=info msg="Server started at time: 2024-10-13 11:54:36.2585996 +0800 +08 m=+0.018451501"
time="2024-10-13T11:54:39+08:00" level=error msg="error publishing message:Exception (504) Reason: \"channel/connection is not open\""
time="2024-10-13T11:54:39+08:00" level=info msg="request from user hello successfully published"
time="2024-10-13T12:54:45+08:00" level=info msg="Server started at time: 2024-10-13 12:54:45.809209 +0800 +08 m=+0.018372701"
time="2024-10-13T12:55:54+08:00" level=info msg="Server started at time: 2024-10-13 12:55:54.7209082 +0800 +08 m=+0.017350501"
time="2024-10-13T12:55:59+08:00" level=info msg="request from user hello successfully published"
time="2024-10-13T12:56:13+08:00" level=info msg="request from user hello successfully published"
time="2024-10-15T21:16:09+08:00" level=info msg="Server started at time: 2024-10-15 21:16:09.5830829 +0800 +08 m=+0.018717201"
time="2024-10-15T21:19:11+08:00" level=info msg="request from user user1 successfully published"
time="2024-10-15T21:24:05+08:00" level=info msg="request from user user1 successfully published"
time="2024-10-15T21:24:19+08:00" level=info msg="request from user user1 successfully published"
time="2024-10-15T21:27:07+08:00" level=info msg="request from user user1 successfully published"
time="2024-10-15T21:27:16+08:00" level=info msg="request from user user2 successfully published"
time="2024-10-15T21:34:56+08:00" level=info msg="request from user user2 successfully published"
time="2024-10-15T21:35:04+08:00" level=info msg="request from user user1 successfully published"
time="2024-10-16T11:47:58+08:00" level=info msg="Server started at time: 2024-10-16 11:47:58.9097737 +0800 +08 m=+0.018180201"
time="2024-10-16T11:58:13+08:00" level=info msg="request from user user1 successfully published"
time="2024-10-16T11:58:19+08:00" level=info msg="request from user user2 successfully published"
time="2024-10-16T12:04:09+08:00" level=info msg="request from user user1 successfully published"
time="2024-10-16T12:04:12+08:00" level=info msg="request from user user2 successfully published"
time="2024-10-16T12:06:43+08:00" level=info msg="request from user user2 successfully published"
time="2024-10-16T12:06:47+08:00" level=info msg="request from user user1 successfully published"
time="2024-10-16T12:12:09+08:00" level=info msg="request from user user1 successfully published"
time="2024-10-16T12:12:14+08:00" level=info msg="request from user user2 successfully published"
time="2024-10-16T12:16:10+08:00" level=info msg="request from user user1 successfully published"
time="2024-10-16T12:16:15+08:00" level=info msg="request from user user2 successfully published"
time="2024-10-25T22:40:44+08:00" level=info msg="Server started at time: 2024-10-25 22:40:44.6771508 +0800 +08 m=+0.090065801"
time="2024-10-25T23:25:28+08:00" level=info msg="request from user 6702c9a3f1217a1b2123575b successfully published"
time="2024-10-27T15:25:31+08:00" level=info msg="Server started at time: 2024-10-27 15:25:31.7266589 +0800 +08 m=+0.095761501"
time="2024-10-27T15:26:55+08:00" level=info msg="request from user 6702c9a3f1217a1b2123575b successfully published"
time="2024-10-27T15:26:55+08:00" level=info msg="request from user 67188e6ebe7127ec5d472f15 successfully published"
time="2024-10-27T15:29:09+08:00" level=info msg="request from user 67188e6ebe7127ec5d472f15 successfully published"
time="2024-10-27T15:29:10+08:00" level=info msg="request from user 6702c9a3f1217a1b2123575b successfully published"
time="2024-10-27T16:08:08+08:00" level=info msg="request from user 67188e6ebe7127ec5d472f15 successfully published"
time="2024-10-27T16:08:10+08:00" level=info msg="request from user 6702c9a3f1217a1b2123575b successfully published"
time="2024-10-27T16:16:30+08:00" level=info msg="request from user 6702c9a3f1217a1b2123575b successfully published"
time="2024-10-27T16:16:33+08:00" level=info msg="request from user 67188e6ebe7127ec5d472f15 successfully published"
time="2024-10-27T16:19:10+08:00" level=info msg="request from user 67188e6ebe7127ec5d472f15 successfully published"
time="2024-10-27T16:19:10+08:00" level=info msg="request from user 6702c9a3f1217a1b2123575b successfully published"
time="2024-10-27T16:19:41+08:00" level=info msg="request from user 67188e6ebe7127ec5d472f15 successfully published"
time="2024-10-27T16:19:41+08:00" level=info msg="request from user 6702c9a3f1217a1b2123575b successfully published"
time="2024-10-27T16:21:10+08:00" level=info msg="request from user 6702c9a3f1217a1b2123575b successfully published"
time="2024-10-27T16:21:11+08:00" level=info msg="request from user 67188e6ebe7127ec5d472f15 successfully published"
time="2024-10-27T16:21:12+08:00" level=info msg="request from user 67188e6ebe7127ec5d472f15 successfully published"
time="2024-10-27T16:21:23+08:00" level=info msg="request from user 6702c9a3f1217a1b2123575b successfully published"
time="2024-10-27T16:21:24+08:00" level=info msg="request from user 67188e6ebe7127ec5d472f15 successfully published"
time="2024-10-27T16:22:44+08:00" level=info msg="request from user 67188e6ebe7127ec5d472f15 successfully published"
time="2024-10-27T16:22:44+08:00" level=info msg="request from user 6702c9a3f1217a1b2123575b successfully published"
time="2024-10-27T16:27:03+08:00" level=info msg="request from user 67188e6ebe7127ec5d472f15 successfully published"
time="2024-10-27T16:27:05+08:00" level=info msg="request from user 6702c9a3f1217a1b2123575b successfully published"
time="2024-10-27T16:27:48+08:00" level=info msg="request from user 6702c9a3f1217a1b2123575b successfully published"
time="2024-10-27T16:27:50+08:00" level=info msg="request from user 67188e6ebe7127ec5d472f15 successfully published"
time="2024-10-27T16:28:28+08:00" level=info msg="request from user 6702c9a3f1217a1b2123575b successfully published"
time="2024-10-27T16:28:28+08:00" level=info msg="request from user 67188e6ebe7127ec5d472f15 successfully published"
time="2024-10-27T16:29:33+08:00" level=info msg="request from user 6702c9a3f1217a1b2123575b successfully published"
time="2024-10-27T16:29:33+08:00" level=info msg="request from user 67188e6ebe7127ec5d472f15 successfully published"
time="2024-10-27T16:34:11+08:00" level=info msg="request from user 67188e6ebe7127ec5d472f15 successfully published"
time="2024-10-27T16:34:12+08:00" level=info msg="request from user 6702c9a3f1217a1b2123575b successfully published"
time="2024-10-27T16:35:54+08:00" level=info msg="request from user 6702c9a3f1217a1b2123575b successfully published"
time="2024-10-27T16:35:56+08:00" level=info msg="request from user 67188e6ebe7127ec5d472f15 successfully published"
time="2024-10-27T16:36:54+08:00" level=info msg="request from user 67188e6ebe7127ec5d472f15 successfully published"
time="2024-10-27T16:36:55+08:00" level=info msg="request from user 6702c9a3f1217a1b2123575b successfully published"
time="2024-10-28T13:01:44+08:00" level=info msg="Server started at time: 2024-10-28 13:01:44.2402807 +0800 +08 m=+0.155052801"
time="2024-10-28T13:06:50+08:00" level=info msg="request from user 671f1bdf0b0e2619aaa4dd85 successfully published"
time="2024-10-28T13:06:50+08:00" level=info msg="request from user 6702c9a3f1217a1b2123575b successfully published"
time="2024-10-28T13:06:51+08:00" level=info msg="request from user 67188e6ebe7127ec5d472f15 successfully published"
time="2024-10-28T13:06:52+08:00" level=info msg="request from user 671f1ba30b0e2619aaa4dd7a successfully published"
time="2024-10-28T13:12:22+08:00" level=info msg="request from user 671f1bdf0b0e2619aaa4dd85 successfully published"
time="2024-10-28T13:12:24+08:00" level=info msg="request from user 6702c9a3f1217a1b2123575b successfully published"
time="2024-10-28T13:50:55+08:00" level=info msg="request from user 6702c9a3f1217a1b2123575b successfully published"
time="2024-10-28T13:51:03+08:00" level=info msg="request from user 671f1bdf0b0e2619aaa4dd85 successfully published"
time="2024-10-28T13:57:58+08:00" level=info msg="request from user 6702c9a3f1217a1b2123575b successfully published"
time="2024-10-28T13:57:59+08:00" level=info msg="request from user 671f1bdf0b0e2619aaa4dd85 successfully published"
time="2024-10-28T13:59:34+08:00" level=info msg="request from user 6702c9a3f1217a1b2123575b successfully published"
time="2024-10-28T13:59:35+08:00" level=info msg="request from user 671f1bdf0b0e2619aaa4dd85 successfully published"
time="2024-10-28T14:00:45+08:00" level=info msg="request from user 6702c9a3f1217a1b2123575b successfully published"
time="2024-10-28T14:00:46+08:00" level=info msg="request from user 671f1bdf0b0e2619aaa4dd85 successfully published"
time="2024-10-28T14:04:50+08:00" level=info msg="request from user 6702c9a3f1217a1b2123575b successfully published"
time="2024-10-28T14:04:51+08:00" level=info msg="request from user 671f1bdf0b0e2619aaa4dd85 successfully published"
time="2024-10-28T14:10:02+08:00" level=info msg="request from user 6702c9a3f1217a1b2123575b successfully published"
time="2024-10-28T14:10:03+08:00" level=info msg="request from user 671f1bdf0b0e2619aaa4dd85 successfully published"
time="2024-10-28T14:17:49+08:00" level=info msg="request from user 67188e6ebe7127ec5d472f15 successfully published"
time="2024-10-28T14:17:49+08:00" level=info msg="request from user 6702c9a3f1217a1b2123575b successfully published"
time="2024-10-28T14:17:50+08:00" level=info msg="request from user 671f1ba30b0e2619aaa4dd7a successfully published"
time="2024-10-28T14:17:50+08:00" level=info msg="request from user 671f1bdf0b0e2619aaa4dd85 successfully published"
time="2024-10-28T14:20:11+08:00" level=info msg="request from user 6702c9a3f1217a1b2123575b successfully published"
time="2024-10-28T14:20:12+08:00" level=info msg="request from user 671f1bdf0b0e2619aaa4dd85 successfully published"
time="2024-10-28T14:31:29+08:00" level=info msg="request from user 6702c9a3f1217a1b2123575b successfully published"
time="2024-10-28T14:31:29+08:00" level=info msg="request from user 671f1bdf0b0e2619aaa4dd85 successfully published"
time="2024-10-28T20:45:31+08:00" level=info msg="Server started at time: 2024-10-28 20:45:31.7844893 +0800 +08 m=+0.088887001"
time="2024-10-28T20:45:42+08:00" level=info msg="request from user 671f1bdf0b0e2619aaa4dd85 successfully published"
time="2024-10-28T20:45:42+08:00" level=info msg="request from user 67188e6ebe7127ec5d472f15 successfully published"
time="2024-10-28T20:46:17+08:00" level=info msg="request from user 67188e6ebe7127ec5d472f15 successfully published"
time="2024-10-28T20:46:18+08:00" level=info msg="request from user 671f1bdf0b0e2619aaa4dd85 successfully published"
time="2024-10-28T20:53:53+08:00" level=info msg="Server started at time: 2024-10-28 20:53:53.3049845 +0800 +08 m=+0.077096601"
time="2024-10-28T20:56:49+08:00" level=info msg="request from user 671f1bdf0b0e2619aaa4dd85 successfully published"
time="2024-10-28T20:56:49+08:00" level=info msg="request from user 67188e6ebe7127ec5d472f15 successfully published"
time="2024-10-28T20:58:05+08:00" level=info msg="request from user 67188e6ebe7127ec5d472f15 successfully published"
time="2024-10-28T20:58:06+08:00" level=info msg="request from user 671f1bdf0b0e2619aaa4dd85 successfully published"
time="2024-10-28T21:00:59+08:00" level=info msg="request from user 67188e6ebe7127ec5d472f15 successfully published"
time="2024-10-28T21:00:59+08:00" level=info msg="request from user 671f1bdf0b0e2619aaa4dd85 successfully published"
time="2024-10-28T21:01:35+08:00" level=info msg="request from user 67188e6ebe7127ec5d472f15 successfully published"
time="2024-10-28T21:01:35+08:00" level=info msg="request from user 671f1bdf0b0e2619aaa4dd85 successfully published"
time="2024-10-28T21:09:10+08:00" level=info msg="request from user 671f1bdf0b0e2619aaa4dd85 successfully published"
time="2024-10-28T21:09:11+08:00" level=info msg="request from user 67188e6ebe7127ec5d472f15 successfully published"
time="2024-10-28T21:32:14+08:00" level=info msg="request from user 67188e6ebe7127ec5d472f15 successfully published"
time="2024-10-28T21:32:15+08:00" level=info msg="request from user 671f1bdf0b0e2619aaa4dd85 successfully published"
time="2024-10-28T21:33:06+08:00" level=info msg="request from user 67188e6ebe7127ec5d472f15 successfully published"
time="2024-10-28T21:33:07+08:00" level=info msg="request from user 671f1bdf0b0e2619aaa4dd85 successfully published"
time="2024-10-28T21:33:37+08:00" level=info msg="request from user 67188e6ebe7127ec5d472f15 successfully published"
time="2024-10-28T21:33:37+08:00" level=info msg="request from user 671f1bdf0b0e2619aaa4dd85 successfully published"
time="2024-10-28T21:34:03+08:00" level=info msg="request from user 67188e6ebe7127ec5d472f15 successfully published"
time="2024-10-28T21:34:05+08:00" level=info msg="request from user 671f1bdf0b0e2619aaa4dd85 successfully published"
time="2024-10-28T21:34:46+08:00" level=info msg="request from user 67188e6ebe7127ec5d472f15 successfully published"
time="2024-10-28T21:34:46+08:00" level=info msg="request from user 671f1bdf0b0e2619aaa4dd85 successfully published"
time="2024-10-28T21:36:18+08:00" level=info msg="request from user 67188e6ebe7127ec5d472f15 successfully published"
time="2024-10-28T21:36:19+08:00" level=info msg="request from user 671f1bdf0b0e2619aaa4dd85 successfully published"
time="2024-10-28T21:39:20+08:00" level=info msg="request from user 67188e6ebe7127ec5d472f15 successfully published"
time="2024-10-28T21:39:21+08:00" level=info msg="request from user 671f1bdf0b0e2619aaa4dd85 successfully published"
time="2024-10-28T21:40:23+08:00" level=info msg="request from user 67188e6ebe7127ec5d472f15 successfully published"
time="2024-10-28T21:40:25+08:00" level=info msg="request from user 671f1bdf0b0e2619aaa4dd85 successfully published"
time="2024-10-28T21:41:06+08:00" level=info msg="request from user 67188e6ebe7127ec5d472f15 successfully published"
time="2024-10-28T21:41:07+08:00" level=info msg="request from user 671f1bdf0b0e2619aaa4dd85 successfully published"
time="2024-10-28T21:43:19+08:00" level=info msg="request from user 67188e6ebe7127ec5d472f15 successfully published"
time="2024-10-28T21:43:21+08:00" level=info msg="request from user 671f1bdf0b0e2619aaa4dd85 successfully published"
time="2024-10-28T21:43:49+08:00" level=info msg="request from user 671f1bdf0b0e2619aaa4dd85 successfully published"
time="2024-10-28T21:43:50+08:00" level=info msg="request from user 67188e6ebe7127ec5d472f15 successfully published"
time="2024-10-28T21:45:11+08:00" level=info msg="request from user 671f1bdf0b0e2619aaa4dd85 successfully published"
time="2024-10-28T21:45:12+08:00" level=info msg="request from user 67188e6ebe7127ec5d472f15 successfully published"
time="2024-10-28T21:48:21+08:00" level=info msg="request from user 67188e6ebe7127ec5d472f15 successfully published"
time="2024-10-28T21:48:21+08:00" level=info msg="request from user 6702c9a3f1217a1b2123575b successfully published"
time="2024-10-28T21:49:30+08:00" level=info msg="request from user 67188e6ebe7127ec5d472f15 successfully published"
time="2024-10-28T21:49:30+08:00" level=info msg="request from user 6702c9a3f1217a1b2123575b successfully published"
time="2024-10-28T21:49:46+08:00" level=info msg="request from user 67188e6ebe7127ec5d472f15 successfully published"
time="2024-10-28T21:49:46+08:00" level=info msg="request from user 6702c9a3f1217a1b2123575b successfully published"
time="2024-10-28T21:52:11+08:00" level=info msg="request from user 67188e6ebe7127ec5d472f15 successfully published"
time="2024-10-28T21:52:11+08:00" level=info msg="request from user 6702c9a3f1217a1b2123575b successfully published"
time="2024-10-28T21:54:06+08:00" level=info msg="request from user 67188e6ebe7127ec5d472f15 successfully published"
time="2024-10-28T21:54:07+08:00" level=info msg="request from user 6702c9a3f1217a1b2123575b successfully published"
time="2024-10-28T21:54:48+08:00" level=info msg="request from user 67188e6ebe7127ec5d472f15 successfully published"
time="2024-10-28T21:54:48+08:00" level=info msg="request from user 6702c9a3f1217a1b2123575b successfully published"
time="2024-10-28T21:57:05+08:00" level=info msg="request from user 67188e6ebe7127ec5d472f15 successfully published"
time="2024-10-28T21:57:05+08:00" level=info msg="request from user 6702c9a3f1217a1b2123575b successfully published"
time="2024-10-28T21:57:21+08:00" level=info msg="request from user 67188e6ebe7127ec5d472f15 successfully published"
time="2024-10-28T21:57:22+08:00" level=info msg="request from user 6702c9a3f1217a1b2123575b successfully published"
time="2024-10-28T21:57:56+08:00" level=info msg="request from user 67188e6ebe7127ec5d472f15 successfully published"
time="2024-10-28T21:57:57+08:00" level=info msg="request from user 6702c9a3f1217a1b2123575b successfully published"
time="2024-10-28T22:00:23+08:00" level=info msg="request from user 6702c9a3f1217a1b2123575b successfully published"
time="2024-10-28T22:00:23+08:00" level=info msg="request from user 67188e6ebe7127ec5d472f15 successfully published"
time="2024-10-28T22:03:12+08:00" level=info msg="request from user 67188e6ebe7127ec5d472f15 successfully published"
time="2024-10-28T22:03:13+08:00" level=info msg="request from user 6702c9a3f1217a1b2123575b successfully published"
time="2024-10-28T22:03:49+08:00" level=info msg="request from user 67188e6ebe7127ec5d472f15 successfully published"
time="2024-10-28T22:03:50+08:00" level=info msg="request from user 6702c9a3f1217a1b2123575b successfully published"
time="2024-10-28T22:05:59+08:00" level=info msg="request from user 6702c9a3f1217a1b2123575b successfully published"
time="2024-10-28T22:05:59+08:00" level=info msg="request from user 67188e6ebe7127ec5d472f15 successfully published"
time="2024-10-28T22:07:05+08:00" level=info msg="request from user 67188e6ebe7127ec5d472f15 successfully published"
time="2024-10-28T22:07:05+08:00" level=info msg="request from user 6702c9a3f1217a1b2123575b successfully published"
time="2024-10-28T22:07:25+08:00" level=info msg="request from user 67188e6ebe7127ec5d472f15 successfully published"
time="2024-10-28T22:07:25+08:00" level=info msg="request from user 6702c9a3f1217a1b2123575b successfully published"
