time="2024-10-15T21:34:37+08:00" level=info msg="Beginning consumption from message queue"
time="2024-10-15T21:34:37+08:00" level=info msg="Begin processing requests"
time="2024-10-16T11:47:46+08:00" level=info msg="Beginning consumption from message queue"
time="2024-10-16T11:47:46+08:00" level=info msg="Begin processing requests"
time="2024-10-16T12:06:22+08:00" level=info msg="Beginning consumption from message queue"
time="2024-10-16T12:06:22+08:00" level=info msg="Begin processing requests"
time="2024-10-16T12:11:53+08:00" level=info msg="Beginning consumption from message queue"
time="2024-10-16T12:11:53+08:00" level=info msg="Begin processing requests"
time="2024-10-17T22:06:35+08:00" level=info msg="Beginning consumption from message queue"
time="2024-10-17T22:06:35+08:00" level=info msg="Begin processing requests"
time="2024-10-17T22:18:03+08:00" level=info msg="Beginning consumption from message queue"
time="2024-10-17T22:18:03+08:00" level=info msg="Begin processing requests"
time="2024-10-17T22:32:32+08:00" level=info msg="Beginning consumption from message queue"
time="2024-10-17T22:32:32+08:00" level=info msg="Begin processing requests"
time="2024-10-17T22:33:42+08:00" level=info msg="Beginning consumption from message queue"
time="2024-10-17T22:33:42+08:00" level=info msg="Begin processing requests"
time="2024-10-17T22:36:02+08:00" level=info msg="Beginning consumption from message queue"
time="2024-10-17T22:36:02+08:00" level=info msg="Begin processing requests"
time="2024-10-17T22:36:17+08:00" level=error msg="error parsing the time: parsing time \"2024-10-17 22-36-30\" as \"2006-01-02 15-04-05 +0800\": cannot parse \"\" as \" +0800\""
time="2024-10-17T22:39:31+08:00" level=info msg="Beginning consumption from message queue"
time="2024-10-17T22:39:31+08:00" level=info msg="Begin processing requests"
time="2024-10-17T22:43:06+08:00" level=info msg="Beginning consumption from message queue"
time="2024-10-17T22:43:06+08:00" level=info msg="Begin processing requests"
time="2024-10-17T22:51:23+08:00" level=info msg="Beginning consumption from message queue"
time="2024-10-17T22:51:23+08:00" level=info msg="Begin processing requests"
time="2024-10-25T22:40:12+08:00" level=info msg="Beginning consumption from message queue"
time="2024-10-25T22:40:12+08:00" level=info msg="Begin processing requests"
time="2024-10-25T23:25:28+08:00" level=error msg="error handling incoming request: dial tcp [::1]:6379: connectex: No connection could be made because the target machine actively refused it."
time="2024-10-27T15:25:08+08:00" level=info msg="Beginning consumption from message queue"
time="2024-10-27T15:25:08+08:00" level=info msg="Begin processing requests"
time="2024-10-27T15:26:55+08:00" level=error msg="error handling incoming request: dial tcp [::1]:6379: connectex: No connection could be made because the target machine actively refused it."
time="2024-10-27T15:26:56+08:00" level=error msg="error handling incoming request: dial tcp [::1]:6379: connectex: No connection could be made because the target machine actively refused it."
time="2024-10-27T15:28:11+08:00" level=info msg="Beginning consumption from message queue"
time="2024-10-27T15:28:11+08:00" level=info msg="Begin processing requests"
time="2024-10-27T15:29:09+08:00" level=error msg="error handling incoming request: WRONGTYPE Operation against a key holding the wrong kind of value"
time="2024-10-27T15:29:10+08:00" level=error msg="error handling incoming request: WRONGTYPE Operation against a key holding the wrong kind of value"
time="2024-10-27T16:08:08+08:00" level=error msg="error handling incoming request: WRONGTYPE Operation against a key holding the wrong kind of value"
time="2024-10-27T16:08:10+08:00" level=error msg="error handling incoming request: WRONGTYPE Operation against a key holding the wrong kind of value"
